Using pre-set license
Built from '2021.3/staging' branch; Version is '2021.3.11f1 (0a5ca18544bf) revision 679073'; Using compiler version '192829333'; Build Type 'Release'
OS: 'Windows 10  (10.0.19044) 64bit Professional' Language: 'es' Physical Memory: 16332 MB
BatchMode: 1, IsHumanControllingUs: 0, StartBugReporterOnCrash: 0, Is64bit: 1, IsPro: 1

COMMAND LINE ARGUMENTS:
B:\Unity\2021.3.11f1\Editor\Unity.exe
-adb2
-batchMode
-noUpm
-name
AssetImportWorker1
-projectPath
C:/Users/brayr/Downloads/TowerDefense_9_5/TDTut
-logFile
Logs/AssetImportWorker1.log
-srvPort
1535
Successfully changed project path to: C:/Users/brayr/Downloads/TowerDefense_9_5/TDTut
C:/Users/brayr/Downloads/TowerDefense_9_5/TDTut
[UnityMemory] Configuration Parameters - Can be set up in boot.config
    "memorysetup-bucket-allocator-granularity=16"
    "memorysetup-bucket-allocator-bucket-count=8"
    "memorysetup-bucket-allocator-block-size=33554432"
    "memorysetup-bucket-allocator-block-count=8"
    "memorysetup-main-allocator-block-size=16777216"
    "memorysetup-thread-allocator-block-size=16777216"
    "memorysetup-gfx-main-allocator-block-size=16777216"
    "memorysetup-gfx-thread-allocator-block-size=16777216"
    "memorysetup-cache-allocator-block-size=4194304"
    "memorysetup-typetree-allocator-block-size=2097152"
    "memorysetup-profiler-bucket-allocator-granularity=16"
    "memorysetup-profiler-bucket-allocator-bucket-count=8"
    "memorysetup-profiler-bucket-allocator-block-size=33554432"
    "memorysetup-profiler-bucket-allocator-block-count=8"
    "memorysetup-profiler-allocator-block-size=16777216"
    "memorysetup-profiler-editor-allocator-block-size=1048576"
    "memorysetup-temp-allocator-size-main=16777216"
    "memorysetup-job-temp-allocator-block-size=2097152"
    "memorysetup-job-temp-allocator-block-size-background=1048576"
    "memorysetup-job-temp-allocator-reduction-small-platforms=262144"
    "memorysetup-temp-allocator-size-background-worker=32768"
    "memorysetup-temp-allocator-size-job-worker=262144"
    "memorysetup-temp-allocator-size-preload-manager=33554432"
    "memorysetup-temp-allocator-size-nav-mesh-worker=65536"
    "memorysetup-temp-allocator-size-audio-worker=65536"
    "memorysetup-temp-allocator-size-cloud-worker=32768"
    "memorysetup-temp-allocator-size-gi-baking-worker=262144"
    "memorysetup-temp-allocator-size-gfx=262144"
Cannot set VR devices because the platform passed isn't supported by Unity.
Cannot set VR devices because the platform passed isn't supported by Unity.
Cannot set VR devices because the platform passed isn't supported by Unity.
Cannot set VR devices because the platform passed isn't supported by Unity.
Cannot set VR devices because the platform passed isn't supported by Unity.
Cannot set VR devices because the platform passed isn't supported by Unity.
Cannot set VR devices because the platform passed isn't supported by Unity.
Cannot set VR devices because the platform passed isn't supported by Unity.
Cannot set VR devices because the platform passed isn't supported by Unity.
Cannot set VR devices because the platform passed isn't supported by Unity.
Cannot set VR devices because the platform passed isn't supported by Unity.
Refreshing native plugins compatible for Editor in 65.79 ms, found 3 plugins.
Preloading 0 native plugins for Editor in 0.00 ms.
Initialize engine version: 2021.3.11f1 (0a5ca18544bf)
[Subsystems] Discovering subsystems at path B:/Unity/2021.3.11f1/Editor/Data/Resources/UnitySubsystems
[Subsystems] Discovering subsystems at path C:/Users/brayr/Downloads/TowerDefense_9_5/TDTut/Assets
GfxDevice: creating device client; threaded=0; jobified=0
Direct3D:
    Version:  Direct3D 11.0 [level 11.1]
    Renderer: Radeon RX 570 Series (ID=0x67df)
    Vendor:   ATI
    VRAM:     4074 MB
    Driver:   31.0.12029.4013
Initialize mono
Mono path[0] = 'B:/Unity/2021.3.11f1/Editor/Data/Managed'
Mono path[1] = 'B:/Unity/2021.3.11f1/Editor/Data/MonoBleedingEdge/lib/mono/unityjit-win32'
Mono config path = 'B:/Unity/2021.3.11f1/Editor/Data/MonoBleedingEdge/etc'
Using monoOptions --debugger-agent=transport=dt_socket,embedding=1,server=y,suspend=n,address=127.0.0.1:56552
Begin MonoManager ReloadAssembly
Registering precompiled unity dll's ...
Register platform support module: B:/Unity/2021.3.11f1/Editor/Data/PlaybackEngines/WebGLSupport/UnityEditor.WebGL.Extensions.dll
Register platform support module: B:/Unity/2021.3.11f1/Editor/Data/PlaybackEngines/WindowsStandaloneSupport/UnityEditor.WindowsStandalone.Extensions.dll
Registered in 0.003844 seconds.
Native extension for WindowsStandalone target not found
Native extension for WebGL target not found
Refreshing native plugins compatible for Editor in 81.42 ms, found 3 plugins.
Preloading 0 native plugins for Editor in 0.00 ms.
Mono: successfully reloaded assembly
- Completed reload, in  0.743 seconds
Domain Reload Profiling:
	ReloadAssembly (744ms)
		BeginReloadAssembly (133ms)
			ExecutionOrderSort (0ms)
			DisableScriptedObjects (0ms)
			BackupInstance (0ms)
			ReleaseScriptingObjects (0ms)
			CreateAndSetChildDomain (1ms)
		EndReloadAssembly (483ms)
			LoadAssemblies (131ms)
			RebuildTransferFunctionScriptingTraits (0ms)
			SetupTypeCache (124ms)
			ReleaseScriptCaches (0ms)
			RebuildScriptCaches (31ms)
			SetupLoadedEditorAssemblies (272ms)
				LogAssemblyErrors (0ms)
				InitializePlatformSupportModulesInManaged (10ms)
				SetLoadedEditorAssemblies (0ms)
				RefreshPlugins (82ms)
				BeforeProcessingInitializeOnLoad (1ms)
				ProcessInitializeOnLoadAttributes (135ms)
				ProcessInitializeOnLoadMethodAttributes (44ms)
				AfterProcessingInitializeOnLoad (0ms)
				EditorAssembliesLoaded (0ms)
			ExecutionOrderSort2 (0ms)
			AwakeInstancesAfterBackupRestoration (0ms)
Platform modules already initialized, skipping
Registering precompiled user dll's ...
Registered in 0.010709 seconds.
Begin MonoManager ReloadAssembly
Symbol file LoadedFromMemory doesn't match image C:\Users\brayr\Downloads\TowerDefense_9_5\TDTut\Library\PackageCache\com.unity.visualscripting@1.7.8\Editor\VisualScripting.Core\Dependencies\YamlDotNet\Unity.VisualScripting.YamlDotNet.dll
Symbol file LoadedFromMemory doesn't match image C:\Users\brayr\Downloads\TowerDefense_9_5\TDTut\Library\PackageCache\com.unity.visualscripting@1.7.8\Editor\VisualScripting.Core\Dependencies\DotNetZip\Unity.VisualScripting.IonicZip.dll
Native extension for WindowsStandalone target not found
Native extension for WebGL target not found
Refreshing native plugins compatible for Editor in 0.90 ms, found 3 plugins.
Preloading 0 native plugins for Editor in 0.00 ms.
Mono: successfully reloaded assembly
- Completed reload, in  1.017 seconds
Domain Reload Profiling:
	ReloadAssembly (1018ms)
		BeginReloadAssembly (110ms)
			ExecutionOrderSort (0ms)
			DisableScriptedObjects (5ms)
			BackupInstance (0ms)
			ReleaseScriptingObjects (0ms)
			CreateAndSetChildDomain (21ms)
		EndReloadAssembly (782ms)
			LoadAssemblies (86ms)
			RebuildTransferFunctionScriptingTraits (0ms)
			SetupTypeCache (240ms)
			ReleaseScriptCaches (1ms)
			RebuildScriptCaches (64ms)
			SetupLoadedEditorAssemblies (345ms)
				LogAssemblyErrors (0ms)
				InitializePlatformSupportModulesInManaged (7ms)
				SetLoadedEditorAssemblies (1ms)
				RefreshPlugins (1ms)
				BeforeProcessingInitializeOnLoad (88ms)
				ProcessInitializeOnLoadAttributes (218ms)
				ProcessInitializeOnLoadMethodAttributes (28ms)
				AfterProcessingInitializeOnLoad (3ms)
				EditorAssembliesLoaded (0ms)
			ExecutionOrderSort2 (0ms)
			AwakeInstancesAfterBackupRestoration (6ms)
Platform modules already initialized, skipping
========================================================================
Worker process is ready to serve import requests
Cannot set VR devices because the platform passed isn't supported by Unity.
Cannot set VR devices because the platform passed isn't supported by Unity.
Cannot set VR devices because the platform passed isn't supported by Unity.
Cannot set VR devices because the platform passed isn't supported by Unity.
Cannot set VR devices because the platform passed isn't supported by Unity.
Cannot set VR devices because the platform passed isn't supported by Unity.
Cannot set VR devices because the platform passed isn't supported by Unity.
Cannot set VR devices because the platform passed isn't supported by Unity.
Cannot set VR devices because the platform passed isn't supported by Unity.
Cannot set VR devices because the platform passed isn't supported by Unity.
Cannot set VR devices because the platform passed isn't supported by Unity.
Launched and connected shader compiler UnityShaderCompiler.exe after 0.13 seconds
Refreshing native plugins compatible for Editor in 1.51 ms, found 3 plugins.
Preloading 0 native plugins for Editor in 0.00 ms.
Unloading 3276 Unused Serialized files (Serialized files now loaded: 0)
Unloading 24 unused Assets / (56.1 KB). Loaded Objects now: 3735.
Memory consumption went from 112.4 MB to 112.4 MB.
Total: 4.188200 ms (FindLiveObjects: 0.561400 ms CreateObjectMapping: 0.136000 ms MarkObjects: 3.365200 ms  DeleteObjects: 0.123600 ms)

AssetImportParameters requested are different than current active one (requested -> active):
  custom:video-decoder-ogg-theora: a1e56fd34408186e4bbccfd4996cb3dc -> 
  custom:container-muxer-webm: aa71ff27fc2769a1b78a27578f13a17b -> 
  custom:container-demuxer-webm: 4f35f7cbe854078d1ac9338744f61a02 -> 
  custom:video-encoder-webm-vp8: eb34c28f22e8b96e1ab97ce403110664 -> 
  custom:audio-encoder-webm-vorbis: bf7c407c2cedff20999df2af8eb42d56 -> 
  custom:framework-win-MediaFoundation: 216162199b28c13a410421893ffa2e32 -> 
  custom:container-demuxer-ogg: 62fdf1f143b41e24485cea50d1cbac27 -> 
  custom:video-decoder-webm-vp8: 9c59270c3fd7afecdb556c50c9e8de78 -> 
  custom:audio-decoder-ogg-vorbis: bf7c407c2cedff20999df2af8eb42d56 -> 
========================================================================
Received Prepare
Cannot set VR devices because the platform passed isn't supported by Unity.
Cannot set VR devices because the platform passed isn't supported by Unity.
Cannot set VR devices because the platform passed isn't supported by Unity.
Cannot set VR devices because the platform passed isn't supported by Unity.
Cannot set VR devices because the platform passed isn't supported by Unity.
Cannot set VR devices because the platform passed isn't supported by Unity.
Cannot set VR devices because the platform passed isn't supported by Unity.
Cannot set VR devices because the platform passed isn't supported by Unity.
Cannot set VR devices because the platform passed isn't supported by Unity.
Cannot set VR devices because the platform passed isn't supported by Unity.
Cannot set VR devices because the platform passed isn't supported by Unity.
Registering precompiled user dll's ...
Registered in 0.007185 seconds.
Begin MonoManager ReloadAssembly
Symbol file LoadedFromMemory doesn't match image C:\Users\brayr\Downloads\TowerDefense_9_5\TDTut\Library\PackageCache\com.unity.visualscripting@1.7.8\Editor\VisualScripting.Core\Dependencies\YamlDotNet\Unity.VisualScripting.YamlDotNet.dll
Symbol file LoadedFromMemory doesn't match image C:\Users\brayr\Downloads\TowerDefense_9_5\TDTut\Library\PackageCache\com.unity.visualscripting@1.7.8\Editor\VisualScripting.Core\Dependencies\DotNetZip\Unity.VisualScripting.IonicZip.dll
Native extension for WindowsStandalone target not found
Native extension for WebGL target not found
Refreshing native plugins compatible for Editor in 0.71 ms, found 3 plugins.
Preloading 0 native plugins for Editor in 0.00 ms.
Mono: successfully reloaded assembly
- Completed reload, in  1.113 seconds
Domain Reload Profiling:
	ReloadAssembly (1114ms)
		BeginReloadAssembly (162ms)
			ExecutionOrderSort (0ms)
			DisableScriptedObjects (7ms)
			BackupInstance (0ms)
			ReleaseScriptingObjects (0ms)
			CreateAndSetChildDomain (50ms)
		EndReloadAssembly (829ms)
			LoadAssemblies (105ms)
			RebuildTransferFunctionScriptingTraits (0ms)
			SetupTypeCache (255ms)
			ReleaseScriptCaches (2ms)
			RebuildScriptCaches (61ms)
			SetupLoadedEditorAssemblies (352ms)
				LogAssemblyErrors (0ms)
				InitializePlatformSupportModulesInManaged (15ms)
				SetLoadedEditorAssemblies (0ms)
				RefreshPlugins (1ms)
				BeforeProcessingInitializeOnLoad (91ms)
				ProcessInitializeOnLoadAttributes (213ms)
				ProcessInitializeOnLoadMethodAttributes (29ms)
				AfterProcessingInitializeOnLoad (3ms)
				EditorAssembliesLoaded (0ms)
			ExecutionOrderSort2 (0ms)
			AwakeInstancesAfterBackupRestoration (7ms)
Platform modules already initialized, skipping
Refreshing native plugins compatible for Editor in 2.79 ms, found 3 plugins.
Preloading 0 native plugins for Editor in 0.00 ms.
Unloading 3270 Unused Serialized files (Serialized files now loaded: 0)
Unloading 17 unused Assets / (24.7 KB). Loaded Objects now: 3738.
Memory consumption went from 112.2 MB to 112.2 MB.
Total: 3.723300 ms (FindLiveObjects: 0.493800 ms CreateObjectMapping: 0.095100 ms MarkObjects: 3.100000 ms  DeleteObjects: 0.032300 ms)

AssetImportParameters requested are different than current active one (requested -> active):
  custom:video-decoder-ogg-theora: a1e56fd34408186e4bbccfd4996cb3dc -> 
  custom:container-muxer-webm: aa71ff27fc2769a1b78a27578f13a17b -> 
  custom:container-demuxer-webm: 4f35f7cbe854078d1ac9338744f61a02 -> 
  custom:video-encoder-webm-vp8: eb34c28f22e8b96e1ab97ce403110664 -> 
  custom:audio-encoder-webm-vorbis: bf7c407c2cedff20999df2af8eb42d56 -> 
  custom:framework-win-MediaFoundation: 216162199b28c13a410421893ffa2e32 -> 
  custom:container-demuxer-ogg: 62fdf1f143b41e24485cea50d1cbac27 -> 
  custom:video-decoder-webm-vp8: 9c59270c3fd7afecdb556c50c9e8de78 -> 
  custom:audio-decoder-ogg-vorbis: bf7c407c2cedff20999df2af8eb42d56 -> 
========================================================================
Received Import Request.
  Time since last request: 124468.741749 seconds.
  path: Assets/Sprites/Monsters/death_/green_death.png
  artifactKey: Guid(4c16966d6f99f0145a769920bebf3ddb) Importer(815301076,1909f56bfc062723c751e8b465ee728b)
Start importing Assets/Sprites/Monsters/death_/green_death.png using Guid(4c16966d6f99f0145a769920bebf3ddb) Importer(815301076,1909f56bfc062723c751e8b465ee728b)  -> (artifact id: '773f64c809d1ffbbdfaffa6cca378a9f') in 0.154358 seconds 
========================================================================
Received Import Request.
  Time since last request: 11.155266 seconds.
  path: Assets/Sprites/Monsters/move_/blue_down.png
  artifactKey: Guid(6a8af7712e41da64fa72c2e20f231c22) Importer(815301076,1909f56bfc062723c751e8b465ee728b)
Start importing Assets/Sprites/Monsters/move_/blue_down.png using Guid(6a8af7712e41da64fa72c2e20f231c22) Importer(815301076,1909f56bfc062723c751e8b465ee728b)  -> (artifact id: 'cf5d4beb621473f8c71c104e5a83fe1c') in 0.102205 seconds 
========================================================================
Received Import Request.
  Time since last request: 0.354680 seconds.
  path: Assets/Sprites/Monsters/move_/blue_up.png
  artifactKey: Guid(963aa15d995b18d48a31c8b4c1d6abfd) Importer(815301076,1909f56bfc062723c751e8b465ee728b)
Start importing Assets/Sprites/Monsters/move_/blue_up.png using Guid(963aa15d995b18d48a31c8b4c1d6abfd) Importer(815301076,1909f56bfc062723c751e8b465ee728b)  -> (artifact id: '5811b292a0d1da4a1fa0285d28f1c236') in 0.087146 seconds 
========================================================================
Received Import Request.
  Time since last request: 0.000017 seconds.
  path: Assets/Sprites/Monsters/move_/red_up.png
  artifactKey: Guid(6d26c83d0f3f26e479ba8365d2299a14) Importer(815301076,1909f56bfc062723c751e8b465ee728b)
Start importing Assets/Sprites/Monsters/move_/red_up.png using Guid(6d26c83d0f3f26e479ba8365d2299a14) Importer(815301076,1909f56bfc062723c751e8b465ee728b)  -> (artifact id: 'bba24079833afa735358c10adaad45d4') in 0.145811 seconds 
========================================================================
Received Import Request.
  Time since last request: 0.000021 seconds.
  path: Assets/Sprites/Monsters/move_/red_down.png
  artifactKey: Guid(e44faaed3e43afa44b84907c4dfbf8ff) Importer(815301076,1909f56bfc062723c751e8b465ee728b)
Start importing Assets/Sprites/Monsters/move_/red_down.png using Guid(e44faaed3e43afa44b84907c4dfbf8ff) Importer(815301076,1909f56bfc062723c751e8b465ee728b)  -> (artifact id: '3e1cd6a86d2f4c15defbd74cb4dd63f9') in 0.136839 seconds 
========================================================================
Received Import Request.
  Time since last request: 0.000036 seconds.
  path: Assets/Sprites/Monsters/move_/purple_left.png
  artifactKey: Guid(15b2ed8a4ed1f0d448898df2a5368ad9) Importer(815301076,1909f56bfc062723c751e8b465ee728b)
Start importing Assets/Sprites/Monsters/move_/purple_left.png using Guid(15b2ed8a4ed1f0d448898df2a5368ad9) Importer(815301076,1909f56bfc062723c751e8b465ee728b)  -> (artifact id: 'bf0c72f9227dfa6a63382dc2f3fb5ad0') in 0.127652 seconds 
========================================================================
Received Import Request.
  Time since last request: 0.000018 seconds.
  path: Assets/Sprites/Monsters/move_/purple_up.png
  artifactKey: Guid(d1ff77bcdc691254eb9c80e924b07bfa) Importer(815301076,1909f56bfc062723c751e8b465ee728b)
Start importing Assets/Sprites/Monsters/move_/purple_up.png using Guid(d1ff77bcdc691254eb9c80e924b07bfa) Importer(815301076,1909f56bfc062723c751e8b465ee728b)  -> (artifact id: 'd515169c536d5a68a87fd8c13e308ef0') in 0.097415 seconds 
========================================================================
Received Import Request.
  Time since last request: 0.000021 seconds.
  path: Assets/Sprites/Monsters/move_/red_ right.png
  artifactKey: Guid(565806813acbd8047bcffb7bf73539f8) Importer(815301076,1909f56bfc062723c751e8b465ee728b)
Start importing Assets/Sprites/Monsters/move_/red_ right.png using Guid(565806813acbd8047bcffb7bf73539f8) Importer(815301076,1909f56bfc062723c751e8b465ee728b)  -> (artifact id: '1090ebaf3de8d14825663cf018457f65') in 0.141144 seconds 
========================================================================
Received Import Request.
  Time since last request: 0.000036 seconds.
  path: Assets/Sprites/Monsters/move_/green_down.png
  artifactKey: Guid(cd87dd0a5ab1fb643951336947c4a42e) Importer(815301076,1909f56bfc062723c751e8b465ee728b)
Start importing Assets/Sprites/Monsters/move_/green_down.png using Guid(cd87dd0a5ab1fb643951336947c4a42e) Importer(815301076,1909f56bfc062723c751e8b465ee728b)  -> (artifact id: 'e31676be204eeb58804e50c9534873df') in 0.191175 seconds 
========================================================================
Received Import Request.
  Time since last request: 121.309408 seconds.
  path: Assets/Sprites/Portal/Idle__/red_idle.png
  artifactKey: Guid(64b800cd07ab26c46a1e63bc587d8ae5) Importer(815301076,1909f56bfc062723c751e8b465ee728b)
Start importing Assets/Sprites/Portal/Idle__/red_idle.png using Guid(64b800cd07ab26c46a1e63bc587d8ae5) Importer(815301076,1909f56bfc062723c751e8b465ee728b)  -> (artifact id: '7b5b05d488fd158e64fc835e030c6fe6') in 0.152409 seconds 
========================================================================
Received Import Request.
  Time since last request: 42.353411 seconds.
  path: Assets/Sprites/Portal/Opens the portal/red_open.png
  artifactKey: Guid(813fefb718acde34e85ef9dfd1812bbf) Importer(815301076,1909f56bfc062723c751e8b465ee728b)
Start importing Assets/Sprites/Portal/Opens the portal/red_open.png using Guid(813fefb718acde34e85ef9dfd1812bbf) Importer(815301076,1909f56bfc062723c751e8b465ee728b)  -> (artifact id: '5cfeae07cf78d6798bd69c9a3dc43fb1') in 0.105885 seconds 
========================================================================
Received Import Request.
  Time since last request: 2.537639 seconds.
  path: Assets/Sprites/Towers/FireAttack/FireAttack_0001_Layer-163.png
  artifactKey: Guid(d33d26bfd408f3947be18912a780e0eb) Importer(815301076,1909f56bfc062723c751e8b465ee728b)
Start importing Assets/Sprites/Towers/FireAttack/FireAttack_0001_Layer-163.png using Guid(d33d26bfd408f3947be18912a780e0eb) Importer(815301076,1909f56bfc062723c751e8b465ee728b)  -> (artifact id: 'd25018014799e563a54a0d03402135d0') in 0.025773 seconds 
========================================================================
Received Import Request.
  Time since last request: 0.561656 seconds.
  path: Assets/Sprites/Towers/FireAttack/FireAttack_0003_Layer-161.png
  artifactKey: Guid(036c26218beebb74faf0cd853da6ad70) Importer(815301076,1909f56bfc062723c751e8b465ee728b)
Start importing Assets/Sprites/Towers/FireAttack/FireAttack_0003_Layer-161.png using Guid(036c26218beebb74faf0cd853da6ad70) Importer(815301076,1909f56bfc062723c751e8b465ee728b)  -> (artifact id: 'bb42f786a42219a2ef245cccc0550547') in 0.026361 seconds 
========================================================================
Received Import Request.
  Time since last request: 0.000030 seconds.
  path: Assets/Sprites/Towers/FireAttack/FireAttack_0007_Layer-157.png
  artifactKey: Guid(072de81cc75c82d4799274cb367294b7) Importer(815301076,1909f56bfc062723c751e8b465ee728b)
Start importing Assets/Sprites/Towers/FireAttack/FireAttack_0007_Layer-157.png using Guid(072de81cc75c82d4799274cb367294b7) Importer(815301076,1909f56bfc062723c751e8b465ee728b)  -> (artifact id: '87f32f2ab47a3bbe4795c854379ba613') in 0.025938 seconds 
========================================================================
Received Import Request.
  Time since last request: 0.000027 seconds.
  path: Assets/Sprites/Towers/FireAttack/FireAttack_0008_Layer-156.png
  artifactKey: Guid(80cd1cca7cb7e674f8b8a045da816c8c) Importer(815301076,1909f56bfc062723c751e8b465ee728b)
Start importing Assets/Sprites/Towers/FireAttack/FireAttack_0008_Layer-156.png using Guid(80cd1cca7cb7e674f8b8a045da816c8c) Importer(815301076,1909f56bfc062723c751e8b465ee728b)  -> (artifact id: 'b0e9b2533d905471a15fc0739c7156de') in 0.024270 seconds 
========================================================================
Received Import Request.
  Time since last request: 0.000033 seconds.
  path: Assets/Sprites/Towers/FireAttack/FireAttack_0002_Layer-162.png
  artifactKey: Guid(54a1cd32c38c7514583bcfbed514b240) Importer(815301076,1909f56bfc062723c751e8b465ee728b)
Start importing Assets/Sprites/Towers/FireAttack/FireAttack_0002_Layer-162.png using Guid(54a1cd32c38c7514583bcfbed514b240) Importer(815301076,1909f56bfc062723c751e8b465ee728b)  -> (artifact id: '753f2dde9961e4fd2f41ee3b41ae8916') in 0.024434 seconds 
========================================================================
Received Import Request.
  Time since last request: 26.485639 seconds.
  path: Assets/Sprites/Towers/FireIdle/FireIdle_0000s_0001_Layer-26.png
  artifactKey: Guid(3f7dbe4ad6ddbdd478847991d8189fef) Importer(815301076,1909f56bfc062723c751e8b465ee728b)
Start importing Assets/Sprites/Towers/FireIdle/FireIdle_0000s_0001_Layer-26.png using Guid(3f7dbe4ad6ddbdd478847991d8189fef) Importer(815301076,1909f56bfc062723c751e8b465ee728b)  -> (artifact id: '9b7e07156411c831c9c4e8fcf9cf9633') in 0.030149 seconds 
========================================================================
Received Import Request.
  Time since last request: 0.000026 seconds.
  path: Assets/Sprites/Towers/FireIdle/FireIdle_0000s_0011_Layer-16.png
  artifactKey: Guid(b0c1c226f1ad596428fc99bb42121023) Importer(815301076,1909f56bfc062723c751e8b465ee728b)
Start importing Assets/Sprites/Towers/FireIdle/FireIdle_0000s_0011_Layer-16.png using Guid(b0c1c226f1ad596428fc99bb42121023) Importer(815301076,1909f56bfc062723c751e8b465ee728b)  -> (artifact id: 'dd9e7ec4130994eb1dddf3eb2d41cf04') in 0.023612 seconds 
========================================================================
Received Import Request.
  Time since last request: 0.000023 seconds.
  path: Assets/Sprites/Towers/FireIdle/FireIdle_0000s_0016_Layer-11.png
  artifactKey: Guid(3ee6a17b30e91d9418a571fa97025f50) Importer(815301076,1909f56bfc062723c751e8b465ee728b)
Start importing Assets/Sprites/Towers/FireIdle/FireIdle_0000s_0016_Layer-11.png using Guid(3ee6a17b30e91d9418a571fa97025f50) Importer(815301076,1909f56bfc062723c751e8b465ee728b)  -> (artifact id: 'cbea217fcdcad0b0db1d6657b98a6a7f') in 0.030693 seconds 
========================================================================
Received Import Request.
  Time since last request: 0.000022 seconds.
  path: Assets/Sprites/Towers/FireIdle/FireIdle_0000s_0003_Layer-24.png
  artifactKey: Guid(89746ee6ecc58764986643ffeaa4dc9f) Importer(815301076,1909f56bfc062723c751e8b465ee728b)
Start importing Assets/Sprites/Towers/FireIdle/FireIdle_0000s_0003_Layer-24.png using Guid(89746ee6ecc58764986643ffeaa4dc9f) Importer(815301076,1909f56bfc062723c751e8b465ee728b)  -> (artifact id: '7d5dfa49a72d24516de0176a242bc5f7') in 0.024085 seconds 
========================================================================
Received Import Request.
  Time since last request: 0.000018 seconds.
  path: Assets/Sprites/Towers/FireIdle/FireIdle_0000s_0015_Layer-12.png
  artifactKey: Guid(fce1da6b3eb94cc429effcd29944249c) Importer(815301076,1909f56bfc062723c751e8b465ee728b)
Start importing Assets/Sprites/Towers/FireIdle/FireIdle_0000s_0015_Layer-12.png using Guid(fce1da6b3eb94cc429effcd29944249c) Importer(815301076,1909f56bfc062723c751e8b465ee728b)  -> (artifact id: '6baf43ba5a4454f6e3b10d98f272d39c') in 0.024315 seconds 
========================================================================
Received Import Request.
  Time since last request: 0.000029 seconds.
  path: Assets/Sprites/Towers/FireIdle/FireIdle_0000s_0026_Layer-1.png
  artifactKey: Guid(67aa2b39fe4fc424085e70f5a474c855) Importer(815301076,1909f56bfc062723c751e8b465ee728b)
Start importing Assets/Sprites/Towers/FireIdle/FireIdle_0000s_0026_Layer-1.png using Guid(67aa2b39fe4fc424085e70f5a474c855) Importer(815301076,1909f56bfc062723c751e8b465ee728b)  -> (artifact id: '3f490b1670748a111a833a42fea96ad9') in 0.023259 seconds 
========================================================================
Received Import Request.
  Time since last request: 0.000028 seconds.
  path: Assets/Sprites/Towers/FireIdle/FireIdle_0000s_0007_Layer-20.png
  artifactKey: Guid(51f1c4d5a496d2c4a8063f148cf19719) Importer(815301076,1909f56bfc062723c751e8b465ee728b)
Start importing Assets/Sprites/Towers/FireIdle/FireIdle_0000s_0007_Layer-20.png using Guid(51f1c4d5a496d2c4a8063f148cf19719) Importer(815301076,1909f56bfc062723c751e8b465ee728b)  -> (artifact id: 'f4c5ebbda15d640e5d419ceee3a3de06') in 0.022278 seconds 
========================================================================
Received Import Request.
  Time since last request: 0.000023 seconds.
  path: Assets/Sprites/Towers/FireIdle/FireIdle_0000s_0010_Layer-17.png
  artifactKey: Guid(a2470c42974be9a4dae84fc6a23bf4e9) Importer(815301076,1909f56bfc062723c751e8b465ee728b)
Start importing Assets/Sprites/Towers/FireIdle/FireIdle_0000s_0010_Layer-17.png using Guid(a2470c42974be9a4dae84fc6a23bf4e9) Importer(815301076,1909f56bfc062723c751e8b465ee728b)  -> (artifact id: 'e1ad5edeba7c78947201d416418f7f4a') in 0.025673 seconds 
========================================================================
Received Import Request.
  Time since last request: 0.000016 seconds.
  path: Assets/Sprites/Towers/FireIdle/FireIdle_0000s_0005_Layer-22.png
  artifactKey: Guid(dbe5c8f6a10659948a57bd84fe758ea1) Importer(815301076,1909f56bfc062723c751e8b465ee728b)
Start importing Assets/Sprites/Towers/FireIdle/FireIdle_0000s_0005_Layer-22.png using Guid(dbe5c8f6a10659948a57bd84fe758ea1) Importer(815301076,1909f56bfc062723c751e8b465ee728b)  -> (artifact id: '157fd3017c1544c378a2ad660e577801') in 0.024321 seconds 
========================================================================
Received Import Request.
  Time since last request: 0.000028 seconds.
  path: Assets/Sprites/Towers/FireIdle/FireIdle_0000s_0021_Layer-6.png
  artifactKey: Guid(641b0d3ceae9d5749b4bc72c6ee5310f) Importer(815301076,1909f56bfc062723c751e8b465ee728b)
Start importing Assets/Sprites/Towers/FireIdle/FireIdle_0000s_0021_Layer-6.png using Guid(641b0d3ceae9d5749b4bc72c6ee5310f) Importer(815301076,1909f56bfc062723c751e8b465ee728b)  -> (artifact id: 'd40770a9949609cccdad132b3d5c504c') in 0.023918 seconds 
========================================================================
Received Import Request.
  Time since last request: 1.005042 seconds.
  path: Assets/Sprites/Towers/IceAttack/IceAttack_0000s_0001_Layer-181.png
  artifactKey: Guid(732cf555e844fe44e86f486634e398fa) Importer(815301076,1909f56bfc062723c751e8b465ee728b)
Start importing Assets/Sprites/Towers/IceAttack/IceAttack_0000s_0001_Layer-181.png using Guid(732cf555e844fe44e86f486634e398fa) Importer(815301076,1909f56bfc062723c751e8b465ee728b)  -> (artifact id: 'fcef631de070a2077c00b508bd99eb73') in 0.026316 seconds 
========================================================================
Received Import Request.
  Time since last request: 0.000016 seconds.
  path: Assets/Sprites/Towers/IceAttack/IceAttack_0000s_0004_Layer-178.png
  artifactKey: Guid(21459917dc73b314e8ab6888bcf1353b) Importer(815301076,1909f56bfc062723c751e8b465ee728b)
Start importing Assets/Sprites/Towers/IceAttack/IceAttack_0000s_0004_Layer-178.png using Guid(21459917dc73b314e8ab6888bcf1353b) Importer(815301076,1909f56bfc062723c751e8b465ee728b)  -> (artifact id: '1362b4ff5d35613a15e4a6f1eb541216') in 0.027561 seconds 
========================================================================
Received Import Request.
  Time since last request: 0.000017 seconds.
  path: Assets/Sprites/Towers/IceAttack/IceAttack_0000s_0008_Layer-174.png
  artifactKey: Guid(6d03367accf5933498e612807441fcc1) Importer(815301076,1909f56bfc062723c751e8b465ee728b)
Start importing Assets/Sprites/Towers/IceAttack/IceAttack_0000s_0008_Layer-174.png using Guid(6d03367accf5933498e612807441fcc1) Importer(815301076,1909f56bfc062723c751e8b465ee728b)  -> (artifact id: 'f68bffc70e9ef81283a82b7825553640') in 0.021923 seconds 
========================================================================
Received Import Request.
  Time since last request: 31.991549 seconds.
  path: Assets/Sprites/Towers/Icons/FrostIcon.png
  artifactKey: Guid(196fbd7d6ba84b34c853a920a6eac0c0) Importer(815301076,1909f56bfc062723c751e8b465ee728b)
Start importing Assets/Sprites/Towers/Icons/FrostIcon.png using Guid(196fbd7d6ba84b34c853a920a6eac0c0) Importer(815301076,1909f56bfc062723c751e8b465ee728b)  -> (artifact id: '2c2fdf693f8494f07ff02e1074e35bf5') in 0.020456 seconds 
========================================================================
Received Import Request.
  Time since last request: 40.455754 seconds.
  path: Assets/Sprites/Towers/PoisonAttack/PoisonAttack_0000s_0001_Layer-172.png
  artifactKey: Guid(23b04186e224a5840b24927eaf7bf9cc) Importer(815301076,1909f56bfc062723c751e8b465ee728b)
Start importing Assets/Sprites/Towers/PoisonAttack/PoisonAttack_0000s_0001_Layer-172.png using Guid(23b04186e224a5840b24927eaf7bf9cc) Importer(815301076,1909f56bfc062723c751e8b465ee728b)  -> (artifact id: '6251f27e5923c9bc465dbd3c4cba8750') in 0.023280 seconds 
========================================================================
Received Import Request.
  Time since last request: 0.000015 seconds.
  path: Assets/Sprites/Towers/PoisonAttack/PoisonAttack_0000s_0008_Layer-165.png
  artifactKey: Guid(7252d18269d71b14e9dbd22ae028464f) Importer(815301076,1909f56bfc062723c751e8b465ee728b)
Start importing Assets/Sprites/Towers/PoisonAttack/PoisonAttack_0000s_0008_Layer-165.png using Guid(7252d18269d71b14e9dbd22ae028464f) Importer(815301076,1909f56bfc062723c751e8b465ee728b)  -> (artifact id: 'f03fac16fb7190f88f0434f929a74f69') in 0.021539 seconds 
========================================================================
Received Import Request.
  Time since last request: 0.000018 seconds.
  path: Assets/Sprites/Towers/PoisonAttack/PoisonAttack_0000s_0005_Layer-168.png
  artifactKey: Guid(82c3a7d1679ea1a42bb3dde466fcd01a) Importer(815301076,1909f56bfc062723c751e8b465ee728b)
Start importing Assets/Sprites/Towers/PoisonAttack/PoisonAttack_0000s_0005_Layer-168.png using Guid(82c3a7d1679ea1a42bb3dde466fcd01a) Importer(815301076,1909f56bfc062723c751e8b465ee728b)  -> (artifact id: '736be984b683381a9bbe628c48bd92cb') in 0.025688 seconds 
========================================================================
Received Import Request.
  Time since last request: 0.740531 seconds.
  path: Assets/Sprites/Towers/PoisonIdle/PoisonIdle_0001_Layer-69.png
  artifactKey: Guid(f155543585dae414ba9d2b609a2a09d8) Importer(815301076,1909f56bfc062723c751e8b465ee728b)
Start importing Assets/Sprites/Towers/PoisonIdle/PoisonIdle_0001_Layer-69.png using Guid(f155543585dae414ba9d2b609a2a09d8) Importer(815301076,1909f56bfc062723c751e8b465ee728b)  -> (artifact id: 'a0e241c485385f2901d5d4db9b1e643a') in 0.021650 seconds 
========================================================================
Received Import Request.
  Time since last request: 0.000014 seconds.
  path: Assets/Sprites/Towers/PoisonIdle/PoisonIdle_0024_Layer-46.png
  artifactKey: Guid(3cf1ca1bdc3f625418c82c593c71404c) Importer(815301076,1909f56bfc062723c751e8b465ee728b)
Start importing Assets/Sprites/Towers/PoisonIdle/PoisonIdle_0024_Layer-46.png using Guid(3cf1ca1bdc3f625418c82c593c71404c) Importer(815301076,1909f56bfc062723c751e8b465ee728b)  -> (artifact id: '243683447afc9607de69f975cff25322') in 0.024053 seconds 
========================================================================
Received Import Request.
  Time since last request: 0.000019 seconds.
  path: Assets/Sprites/Towers/PoisonIdle/PoisonIdle_0025_Layer-45.png
  artifactKey: Guid(576467949f23a41428c63daa5db7357f) Importer(815301076,1909f56bfc062723c751e8b465ee728b)
Start importing Assets/Sprites/Towers/PoisonIdle/PoisonIdle_0025_Layer-45.png using Guid(576467949f23a41428c63daa5db7357f) Importer(815301076,1909f56bfc062723c751e8b465ee728b)  -> (artifact id: 'a66435cafbde5b55f94b4ece6b35a80c') in 0.021232 seconds 
========================================================================
Received Import Request.
  Time since last request: 0.000019 seconds.
  path: Assets/Sprites/Towers/PoisonIdle/PoisonIdle_0010_Layer-60.png
  artifactKey: Guid(307558ad974109a4eb13e266f5034512) Importer(815301076,1909f56bfc062723c751e8b465ee728b)
Start importing Assets/Sprites/Towers/PoisonIdle/PoisonIdle_0010_Layer-60.png using Guid(307558ad974109a4eb13e266f5034512) Importer(815301076,1909f56bfc062723c751e8b465ee728b)  -> (artifact id: '2b7024eb2acdda8680bc34139c071673') in 0.022270 seconds 
========================================================================
Received Import Request.
  Time since last request: 0.000053 seconds.
  path: Assets/Sprites/Towers/PoisonIdle/PoisonIdle_0008_Layer-62.png
  artifactKey: Guid(7d2ac773b86e89948ae328e9c5484106) Importer(815301076,1909f56bfc062723c751e8b465ee728b)
Start importing Assets/Sprites/Towers/PoisonIdle/PoisonIdle_0008_Layer-62.png using Guid(7d2ac773b86e89948ae328e9c5484106) Importer(815301076,1909f56bfc062723c751e8b465ee728b)  -> (artifact id: '8109484bf476dcbb8a4f1c71bb8f987b') in 0.020367 seconds 
========================================================================
Received Import Request.
  Time since last request: 0.000019 seconds.
  path: Assets/Sprites/Towers/PoisonIdle/PoisonIdle_0041_Layer-29.png
  artifactKey: Guid(2b9ea61b088615d45b35d684da2851a1) Importer(815301076,1909f56bfc062723c751e8b465ee728b)
Start importing Assets/Sprites/Towers/PoisonIdle/PoisonIdle_0041_Layer-29.png using Guid(2b9ea61b088615d45b35d684da2851a1) Importer(815301076,1909f56bfc062723c751e8b465ee728b)  -> (artifact id: '3430243cab7a85f3e33beab2d214b739') in 0.023789 seconds 
========================================================================
Received Import Request.
  Time since last request: 0.000017 seconds.
  path: Assets/Sprites/Towers/PoisonIdle/PoisonIdle_0026_Layer-44.png
  artifactKey: Guid(cee3b831bd3610e428e35c0763a13fc8) Importer(815301076,1909f56bfc062723c751e8b465ee728b)
Start importing Assets/Sprites/Towers/PoisonIdle/PoisonIdle_0026_Layer-44.png using Guid(cee3b831bd3610e428e35c0763a13fc8) Importer(815301076,1909f56bfc062723c751e8b465ee728b)  -> (artifact id: '6957d6807a274fadd015a1464555a390') in 0.021515 seconds 
========================================================================
Received Import Request.
  Time since last request: 0.000019 seconds.
  path: Assets/Sprites/Towers/PoisonIdle/PoisonIdle_0030_Layer-40.png
  artifactKey: Guid(16d84f2ea2eb67c4fa0dd68b6b408105) Importer(815301076,1909f56bfc062723c751e8b465ee728b)
Start importing Assets/Sprites/Towers/PoisonIdle/PoisonIdle_0030_Layer-40.png using Guid(16d84f2ea2eb67c4fa0dd68b6b408105) Importer(815301076,1909f56bfc062723c751e8b465ee728b)  -> (artifact id: '59701c0359e9644d08a53f689d9fb5ce') in 0.020952 seconds 
========================================================================
Received Import Request.
  Time since last request: 0.000021 seconds.
  path: Assets/Sprites/Towers/PoisonIdle/PoisonIdle_0023_Layer-47.png
  artifactKey: Guid(6f2ae71f49712bc4b8c48485f654f1e2) Importer(815301076,1909f56bfc062723c751e8b465ee728b)
Start importing Assets/Sprites/Towers/PoisonIdle/PoisonIdle_0023_Layer-47.png using Guid(6f2ae71f49712bc4b8c48485f654f1e2) Importer(815301076,1909f56bfc062723c751e8b465ee728b)  -> (artifact id: '585978686ca5eecb9ebaff32fb7cbe48') in 0.021420 seconds 
========================================================================
Received Import Request.
  Time since last request: 0.000017 seconds.
  path: Assets/Sprites/Towers/PoisonIdle/PoisonIdle_0040_Layer-30.png
  artifactKey: Guid(939e463c318be5941a9608e843faaca9) Importer(815301076,1909f56bfc062723c751e8b465ee728b)
Start importing Assets/Sprites/Towers/PoisonIdle/PoisonIdle_0040_Layer-30.png using Guid(939e463c318be5941a9608e843faaca9) Importer(815301076,1909f56bfc062723c751e8b465ee728b)  -> (artifact id: 'a05c142847b220f3d7dd1418119edee4') in 0.023850 seconds 
========================================================================
Received Import Request.
  Time since last request: 0.000019 seconds.
  path: Assets/Sprites/Towers/PoisonIdle/PoisonIdle_0003_Layer-67.png
  artifactKey: Guid(a85fa66141bb9fc4b9a1896c392fd0c7) Importer(815301076,1909f56bfc062723c751e8b465ee728b)
Start importing Assets/Sprites/Towers/PoisonIdle/PoisonIdle_0003_Layer-67.png using Guid(a85fa66141bb9fc4b9a1896c392fd0c7) Importer(815301076,1909f56bfc062723c751e8b465ee728b)  -> (artifact id: '86be11061d6e5adf4cb25be202c0a06a') in 0.025703 seconds 
========================================================================
Received Import Request.
  Time since last request: 0.000019 seconds.
  path: Assets/Sprites/Towers/PoisonIdle/PoisonIdle_0015_Layer-55.png
  artifactKey: Guid(d7f2944aaf9f73b4a9241edeb32939b2) Importer(815301076,1909f56bfc062723c751e8b465ee728b)
Start importing Assets/Sprites/Towers/PoisonIdle/PoisonIdle_0015_Layer-55.png using Guid(d7f2944aaf9f73b4a9241edeb32939b2) Importer(815301076,1909f56bfc062723c751e8b465ee728b)  -> (artifact id: '610aae1c222fdf0f57d0ca46c0787f94') in 0.024478 seconds 
========================================================================
Received Import Request.
  Time since last request: 0.000019 seconds.
  path: Assets/Sprites/Towers/PoisonIdle/PoisonIdle_0017_Layer-53.png
  artifactKey: Guid(a81acb89190b6dc419ed9129e499060d) Importer(815301076,1909f56bfc062723c751e8b465ee728b)
Start importing Assets/Sprites/Towers/PoisonIdle/PoisonIdle_0017_Layer-53.png using Guid(a81acb89190b6dc419ed9129e499060d) Importer(815301076,1909f56bfc062723c751e8b465ee728b)  -> (artifact id: '07d08bddfaa26c38f8d03e027dc77440') in 0.021547 seconds 
========================================================================
Received Import Request.
  Time since last request: 0.000026 seconds.
  path: Assets/Sprites/Towers/PoisonIdle/PoisonIdle_0021_Layer-49.png
  artifactKey: Guid(f0f85df2241f0a44d94e353ebb65a391) Importer(815301076,1909f56bfc062723c751e8b465ee728b)
Start importing Assets/Sprites/Towers/PoisonIdle/PoisonIdle_0021_Layer-49.png using Guid(f0f85df2241f0a44d94e353ebb65a391) Importer(815301076,1909f56bfc062723c751e8b465ee728b)  -> (artifact id: '8cbd5813ad2d79a99e0c10c5e3bdf3d8') in 0.022880 seconds 
========================================================================
Received Import Request.
  Time since last request: 0.000025 seconds.
  path: Assets/Sprites/Towers/PoisonIdle/PoisonIdle_0037_Layer-33.png
  artifactKey: Guid(663e7ab56a9415842babdbe5ab80ba5c) Importer(815301076,1909f56bfc062723c751e8b465ee728b)
Start importing Assets/Sprites/Towers/PoisonIdle/PoisonIdle_0037_Layer-33.png using Guid(663e7ab56a9415842babdbe5ab80ba5c) Importer(815301076,1909f56bfc062723c751e8b465ee728b)  -> (artifact id: '1e70839376655d6b03e538ffd3063573') in 0.020067 seconds 
========================================================================
Received Import Request.
  Time since last request: 0.060877 seconds.
  path: Assets/Sprites/Towers/Projectiles/ice.png
  artifactKey: Guid(20227db262e52c649b2b21eb0d4f54f8) Importer(815301076,1909f56bfc062723c751e8b465ee728b)
Start importing Assets/Sprites/Towers/Projectiles/ice.png using Guid(20227db262e52c649b2b21eb0d4f54f8) Importer(815301076,1909f56bfc062723c751e8b465ee728b)  -> (artifact id: '45b4a8a0f9247409ddfb4f97016d7916') in 0.015056 seconds 
Editor requested this worker to shutdown with reason: Scaling down because of idle timeout
AssetImportWorker is now disconnected from the server
Process exiting
Exiting without the bug reporter. Application will terminate with return code 0