Using pre-set license
Built from '2021.3/staging' branch; Version is '2021.3.11f1 (0a5ca18544bf) revision 679073'; Using compiler version '192829333'; Build Type 'Release'
OS: 'Windows 10  (10.0.19044) 64bit Professional' Language: 'es' Physical Memory: 16332 MB
BatchMode: 1, IsHumanControllingUs: 0, StartBugReporterOnCrash: 0, Is64bit: 1, IsPro: 1

COMMAND LINE ARGUMENTS:
B:\Unity\2021.3.11f1\Editor\Unity.exe
-adb2
-batchMode
-noUpm
-name
AssetImportWorker0
-projectPath
C:/Users/brayr/Downloads/TowerDefense_9_5/TDTut
-logFile
Logs/AssetImportWorker0.log
-srvPort
1535
Successfully changed project path to: C:/Users/brayr/Downloads/TowerDefense_9_5/TDTut
C:/Users/brayr/Downloads/TowerDefense_9_5/TDTut
[UnityMemory] Configuration Parameters - Can be set up in boot.config
    "memorysetup-bucket-allocator-granularity=16"
    "memorysetup-bucket-allocator-bucket-count=8"
    "memorysetup-bucket-allocator-block-size=33554432"
    "memorysetup-bucket-allocator-block-count=8"
    "memorysetup-main-allocator-block-size=16777216"
    "memorysetup-thread-allocator-block-size=16777216"
    "memorysetup-gfx-main-allocator-block-size=16777216"
    "memorysetup-gfx-thread-allocator-block-size=16777216"
    "memorysetup-cache-allocator-block-size=4194304"
    "memorysetup-typetree-allocator-block-size=2097152"
    "memorysetup-profiler-bucket-allocator-granularity=16"
    "memorysetup-profiler-bucket-allocator-bucket-count=8"
    "memorysetup-profiler-bucket-allocator-block-size=33554432"
    "memorysetup-profiler-bucket-allocator-block-count=8"
    "memorysetup-profiler-allocator-block-size=16777216"
    "memorysetup-profiler-editor-allocator-block-size=1048576"
    "memorysetup-temp-allocator-size-main=16777216"
    "memorysetup-job-temp-allocator-block-size=2097152"
    "memorysetup-job-temp-allocator-block-size-background=1048576"
    "memorysetup-job-temp-allocator-reduction-small-platforms=262144"
    "memorysetup-temp-allocator-size-background-worker=32768"
    "memorysetup-temp-allocator-size-job-worker=262144"
    "memorysetup-temp-allocator-size-preload-manager=33554432"
    "memorysetup-temp-allocator-size-nav-mesh-worker=65536"
    "memorysetup-temp-allocator-size-audio-worker=65536"
    "memorysetup-temp-allocator-size-cloud-worker=32768"
    "memorysetup-temp-allocator-size-gi-baking-worker=262144"
    "memorysetup-temp-allocator-size-gfx=262144"
Cannot set VR devices because the platform passed isn't supported by Unity.
Cannot set VR devices because the platform passed isn't supported by Unity.
Cannot set VR devices because the platform passed isn't supported by Unity.
Cannot set VR devices because the platform passed isn't supported by Unity.
Cannot set VR devices because the platform passed isn't supported by Unity.
Cannot set VR devices because the platform passed isn't supported by Unity.
Cannot set VR devices because the platform passed isn't supported by Unity.
Cannot set VR devices because the platform passed isn't supported by Unity.
Cannot set VR devices because the platform passed isn't supported by Unity.
Cannot set VR devices because the platform passed isn't supported by Unity.
Cannot set VR devices because the platform passed isn't supported by Unity.
Refreshing native plugins compatible for Editor in 65.98 ms, found 3 plugins.
Preloading 0 native plugins for Editor in 0.00 ms.
Initialize engine version: 2021.3.11f1 (0a5ca18544bf)
[Subsystems] Discovering subsystems at path B:/Unity/2021.3.11f1/Editor/Data/Resources/UnitySubsystems
[Subsystems] Discovering subsystems at path C:/Users/brayr/Downloads/TowerDefense_9_5/TDTut/Assets
GfxDevice: creating device client; threaded=0; jobified=0
Direct3D:
    Version:  Direct3D 11.0 [level 11.1]
    Renderer: Radeon RX 570 Series (ID=0x67df)
    Vendor:   ATI
    VRAM:     4074 MB
    Driver:   31.0.12029.4013
Initialize mono
Mono path[0] = 'B:/Unity/2021.3.11f1/Editor/Data/Managed'
Mono path[1] = 'B:/Unity/2021.3.11f1/Editor/Data/MonoBleedingEdge/lib/mono/unityjit-win32'
Mono config path = 'B:/Unity/2021.3.11f1/Editor/Data/MonoBleedingEdge/etc'
Using monoOptions --debugger-agent=transport=dt_socket,embedding=1,server=y,suspend=n,address=127.0.0.1:56908
Begin MonoManager ReloadAssembly
Registering precompiled unity dll's ...
Register platform support module: B:/Unity/2021.3.11f1/Editor/Data/PlaybackEngines/WebGLSupport/UnityEditor.WebGL.Extensions.dll
Register platform support module: B:/Unity/2021.3.11f1/Editor/Data/PlaybackEngines/WindowsStandaloneSupport/UnityEditor.WindowsStandalone.Extensions.dll
Registered in 0.004183 seconds.
Native extension for WindowsStandalone target not found
Native extension for WebGL target not found
Refreshing native plugins compatible for Editor in 83.77 ms, found 3 plugins.
Preloading 0 native plugins for Editor in 0.00 ms.
Mono: successfully reloaded assembly
- Completed reload, in  0.740 seconds
Domain Reload Profiling:
	ReloadAssembly (740ms)
		BeginReloadAssembly (130ms)
			ExecutionOrderSort (0ms)
			DisableScriptedObjects (0ms)
			BackupInstance (0ms)
			ReleaseScriptingObjects (0ms)
			CreateAndSetChildDomain (1ms)
		EndReloadAssembly (489ms)
			LoadAssemblies (129ms)
			RebuildTransferFunctionScriptingTraits (0ms)
			SetupTypeCache (121ms)
			ReleaseScriptCaches (0ms)
			RebuildScriptCaches (33ms)
			SetupLoadedEditorAssemblies (276ms)
				LogAssemblyErrors (0ms)
				InitializePlatformSupportModulesInManaged (8ms)
				SetLoadedEditorAssemblies (0ms)
				RefreshPlugins (84ms)
				BeforeProcessingInitializeOnLoad (2ms)
				ProcessInitializeOnLoadAttributes (136ms)
				ProcessInitializeOnLoadMethodAttributes (46ms)
				AfterProcessingInitializeOnLoad (0ms)
				EditorAssembliesLoaded (0ms)
			ExecutionOrderSort2 (0ms)
			AwakeInstancesAfterBackupRestoration (0ms)
Platform modules already initialized, skipping
Registering precompiled user dll's ...
Registered in 0.009757 seconds.
Begin MonoManager ReloadAssembly
Symbol file LoadedFromMemory doesn't match image C:\Users\brayr\Downloads\TowerDefense_9_5\TDTut\Library\PackageCache\com.unity.visualscripting@1.7.8\Editor\VisualScripting.Core\Dependencies\YamlDotNet\Unity.VisualScripting.YamlDotNet.dll
Symbol file LoadedFromMemory doesn't match image C:\Users\brayr\Downloads\TowerDefense_9_5\TDTut\Library\PackageCache\com.unity.visualscripting@1.7.8\Editor\VisualScripting.Core\Dependencies\DotNetZip\Unity.VisualScripting.IonicZip.dll
Native extension for WindowsStandalone target not found
Native extension for WebGL target not found
Refreshing native plugins compatible for Editor in 0.83 ms, found 3 plugins.
Preloading 0 native plugins for Editor in 0.00 ms.
Mono: successfully reloaded assembly
- Completed reload, in  1.033 seconds
Domain Reload Profiling:
	ReloadAssembly (1034ms)
		BeginReloadAssembly (116ms)
			ExecutionOrderSort (0ms)
			DisableScriptedObjects (5ms)
			BackupInstance (0ms)
			ReleaseScriptingObjects (0ms)
			CreateAndSetChildDomain (24ms)
		EndReloadAssembly (794ms)
			LoadAssemblies (88ms)
			RebuildTransferFunctionScriptingTraits (0ms)
			SetupTypeCache (245ms)
			ReleaseScriptCaches (1ms)
			RebuildScriptCaches (61ms)
			SetupLoadedEditorAssemblies (348ms)
				LogAssemblyErrors (0ms)
				InitializePlatformSupportModulesInManaged (6ms)
				SetLoadedEditorAssemblies (1ms)
				RefreshPlugins (1ms)
				BeforeProcessingInitializeOnLoad (87ms)
				ProcessInitializeOnLoadAttributes (221ms)
				ProcessInitializeOnLoadMethodAttributes (29ms)
				AfterProcessingInitializeOnLoad (4ms)
				EditorAssembliesLoaded (0ms)
			ExecutionOrderSort2 (0ms)
			AwakeInstancesAfterBackupRestoration (6ms)
Platform modules already initialized, skipping
========================================================================
Worker process is ready to serve import requests
Cannot set VR devices because the platform passed isn't supported by Unity.
Cannot set VR devices because the platform passed isn't supported by Unity.
Cannot set VR devices because the platform passed isn't supported by Unity.
Cannot set VR devices because the platform passed isn't supported by Unity.
Cannot set VR devices because the platform passed isn't supported by Unity.
Cannot set VR devices because the platform passed isn't supported by Unity.
Cannot set VR devices because the platform passed isn't supported by Unity.
Cannot set VR devices because the platform passed isn't supported by Unity.
Cannot set VR devices because the platform passed isn't supported by Unity.
Cannot set VR devices because the platform passed isn't supported by Unity.
Cannot set VR devices because the platform passed isn't supported by Unity.
Launched and connected shader compiler UnityShaderCompiler.exe after 0.14 seconds
Refreshing native plugins compatible for Editor in 1.08 ms, found 3 plugins.
Preloading 0 native plugins for Editor in 0.00 ms.
Unloading 3276 Unused Serialized files (Serialized files now loaded: 0)
Unloading 24 unused Assets / (56.1 KB). Loaded Objects now: 3735.
Memory consumption went from 112.4 MB to 112.4 MB.
Total: 3.933400 ms (FindLiveObjects: 0.450100 ms CreateObjectMapping: 0.131100 ms MarkObjects: 3.239900 ms  DeleteObjects: 0.110400 ms)

AssetImportParameters requested are different than current active one (requested -> active):
  custom:video-decoder-ogg-theora: a1e56fd34408186e4bbccfd4996cb3dc -> 
  custom:container-muxer-webm: aa71ff27fc2769a1b78a27578f13a17b -> 
  custom:container-demuxer-webm: 4f35f7cbe854078d1ac9338744f61a02 -> 
  custom:video-encoder-webm-vp8: eb34c28f22e8b96e1ab97ce403110664 -> 
  custom:audio-encoder-webm-vorbis: bf7c407c2cedff20999df2af8eb42d56 -> 
  custom:framework-win-MediaFoundation: 216162199b28c13a410421893ffa2e32 -> 
  custom:container-demuxer-ogg: 62fdf1f143b41e24485cea50d1cbac27 -> 
  custom:video-decoder-webm-vp8: 9c59270c3fd7afecdb556c50c9e8de78 -> 
  custom:audio-decoder-ogg-vorbis: bf7c407c2cedff20999df2af8eb42d56 -> 
========================================================================
Received Import Request.
  Time since last request: 122468.363150 seconds.
  path: Assets/Sprites
  artifactKey: Guid(72a97899bc856384e89faafb65ff7d51) Importer(815301076,1909f56bfc062723c751e8b465ee728b)
Start importing Assets/Sprites using Guid(72a97899bc856384e89faafb65ff7d51) Importer(815301076,1909f56bfc062723c751e8b465ee728b)  -> (artifact id: '27e79beb99bb09a1bc411a5e83339f70') in 0.009626 seconds 
========================================================================
Received Import Request.
  Time since last request: 117.947946 seconds.
  path: Assets/Scripts
  artifactKey: Guid(73a4313032abb2e4ab267dc0ea4154c3) Importer(815301076,1909f56bfc062723c751e8b465ee728b)
Start importing Assets/Scripts using Guid(73a4313032abb2e4ab267dc0ea4154c3) Importer(815301076,1909f56bfc062723c751e8b465ee728b)  -> (artifact id: '5ed7bac2cb0d24e7f561cf73370f3cab') in 0.002367 seconds 
========================================================================
Received Import Request.
  Time since last request: 3.931679 seconds.
  path: Assets/Scripts/Astar
  artifactKey: Guid(470cc1c431fdeb84a8eb42cb1593b495) Importer(815301076,1909f56bfc062723c751e8b465ee728b)
Start importing Assets/Scripts/Astar using Guid(470cc1c431fdeb84a8eb42cb1593b495) Importer(815301076,1909f56bfc062723c751e8b465ee728b)  -> (artifact id: '30f5bd8562c2645fff34651b4c8c8e31') in 0.002244 seconds 
========================================================================
Received Import Request.
  Time since last request: 6.651792 seconds.
  path: Assets/Scripts/CameraMovement.cs
  artifactKey: Guid(17b65495b14ff744ea03bd71d1f58b5b) Importer(815301076,1909f56bfc062723c751e8b465ee728b)
Start importing Assets/Scripts/CameraMovement.cs using Guid(17b65495b14ff744ea03bd71d1f58b5b) Importer(815301076,1909f56bfc062723c751e8b465ee728b)  -> (artifact id: '1408823a2ffe84c25e892e9fb895ce89') in 0.017673 seconds 
========================================================================
Received Prepare
Cannot set VR devices because the platform passed isn't supported by Unity.
Cannot set VR devices because the platform passed isn't supported by Unity.
Cannot set VR devices because the platform passed isn't supported by Unity.
Cannot set VR devices because the platform passed isn't supported by Unity.
Cannot set VR devices because the platform passed isn't supported by Unity.
Cannot set VR devices because the platform passed isn't supported by Unity.
Cannot set VR devices because the platform passed isn't supported by Unity.
Cannot set VR devices because the platform passed isn't supported by Unity.
Cannot set VR devices because the platform passed isn't supported by Unity.
Cannot set VR devices because the platform passed isn't supported by Unity.
Cannot set VR devices because the platform passed isn't supported by Unity.
Registering precompiled user dll's ...
Registered in 0.007763 seconds.
Begin MonoManager ReloadAssembly
Symbol file LoadedFromMemory doesn't match image C:\Users\brayr\Downloads\TowerDefense_9_5\TDTut\Library\PackageCache\com.unity.visualscripting@1.7.8\Editor\VisualScripting.Core\Dependencies\YamlDotNet\Unity.VisualScripting.YamlDotNet.dll
Symbol file LoadedFromMemory doesn't match image C:\Users\brayr\Downloads\TowerDefense_9_5\TDTut\Library\PackageCache\com.unity.visualscripting@1.7.8\Editor\VisualScripting.Core\Dependencies\DotNetZip\Unity.VisualScripting.IonicZip.dll
Native extension for WindowsStandalone target not found
Native extension for WebGL target not found
Refreshing native plugins compatible for Editor in 1.14 ms, found 3 plugins.
Preloading 0 native plugins for Editor in 0.00 ms.
Mono: successfully reloaded assembly
- Completed reload, in  1.115 seconds
Domain Reload Profiling:
	ReloadAssembly (1115ms)
		BeginReloadAssembly (164ms)
			ExecutionOrderSort (0ms)
			DisableScriptedObjects (7ms)
			BackupInstance (0ms)
			ReleaseScriptingObjects (0ms)
			CreateAndSetChildDomain (50ms)
		EndReloadAssembly (826ms)
			LoadAssemblies (107ms)
			RebuildTransferFunctionScriptingTraits (0ms)
			SetupTypeCache (252ms)
			ReleaseScriptCaches (2ms)
			RebuildScriptCaches (65ms)
			SetupLoadedEditorAssemblies (354ms)
				LogAssemblyErrors (0ms)
				InitializePlatformSupportModulesInManaged (14ms)
				SetLoadedEditorAssemblies (1ms)
				RefreshPlugins (1ms)
				BeforeProcessingInitializeOnLoad (91ms)
				ProcessInitializeOnLoadAttributes (212ms)
				ProcessInitializeOnLoadMethodAttributes (31ms)
				AfterProcessingInitializeOnLoad (3ms)
				EditorAssembliesLoaded (0ms)
			ExecutionOrderSort2 (0ms)
			AwakeInstancesAfterBackupRestoration (7ms)
Platform modules already initialized, skipping
Refreshing native plugins compatible for Editor in 3.20 ms, found 3 plugins.
Preloading 0 native plugins for Editor in 0.00 ms.
Unloading 3270 Unused Serialized files (Serialized files now loaded: 0)
Unloading 17 unused Assets / (24.6 KB). Loaded Objects now: 3738.
Memory consumption went from 112.2 MB to 112.2 MB.
Total: 3.480700 ms (FindLiveObjects: 0.299900 ms CreateObjectMapping: 0.069800 ms MarkObjects: 3.066700 ms  DeleteObjects: 0.042700 ms)

AssetImportParameters requested are different than current active one (requested -> active):
  custom:video-decoder-ogg-theora: a1e56fd34408186e4bbccfd4996cb3dc -> 
  custom:container-muxer-webm: aa71ff27fc2769a1b78a27578f13a17b -> 
  custom:container-demuxer-webm: 4f35f7cbe854078d1ac9338744f61a02 -> 
  custom:video-encoder-webm-vp8: eb34c28f22e8b96e1ab97ce403110664 -> 
  custom:audio-encoder-webm-vorbis: bf7c407c2cedff20999df2af8eb42d56 -> 
  custom:framework-win-MediaFoundation: 216162199b28c13a410421893ffa2e32 -> 
  custom:container-demuxer-ogg: 62fdf1f143b41e24485cea50d1cbac27 -> 
  custom:video-decoder-webm-vp8: 9c59270c3fd7afecdb556c50c9e8de78 -> 
  custom:audio-decoder-ogg-vorbis: bf7c407c2cedff20999df2af8eb42d56 -> 
========================================================================
Received Import Request.
  Time since last request: 192.075237 seconds.
  path: Assets/Scripts/Hover.cs
  artifactKey: Guid(a3bc8a129e0eeb34a83ec108d919de3e) Importer(815301076,1909f56bfc062723c751e8b465ee728b)
Start importing Assets/Scripts/Hover.cs using Guid(a3bc8a129e0eeb34a83ec108d919de3e) Importer(815301076,1909f56bfc062723c751e8b465ee728b)  -> (artifact id: 'bf293ff03449f4b057befcc7fce79789') in 0.007433 seconds 
========================================================================
Received Import Request.
  Time since last request: 120.673255 seconds.
  path: Assets/Scripts/LevelManager.cs
  artifactKey: Guid(9f92f8dcbf745f24a9a6fcffa7d36720) Importer(815301076,1909f56bfc062723c751e8b465ee728b)
Start importing Assets/Scripts/LevelManager.cs using Guid(9f92f8dcbf745f24a9a6fcffa7d36720) Importer(815301076,1909f56bfc062723c751e8b465ee728b)  -> (artifact id: 'c6ad588a77cc7b135089faba037e9448') in 0.002300 seconds 
========================================================================
Received Import Request.
  Time since last request: 359.548223 seconds.
  path: Assets/Scripts/Monster.cs
  artifactKey: Guid(295aac01b62b07041938285733d02522) Importer(815301076,1909f56bfc062723c751e8b465ee728b)
Start importing Assets/Scripts/Monster.cs using Guid(295aac01b62b07041938285733d02522) Importer(815301076,1909f56bfc062723c751e8b465ee728b)  -> (artifact id: 'f7c16e8b302c066148a13f8f9c8cf26d') in 0.001764 seconds 
========================================================================
Received Import Request.
  Time since last request: 395.489121 seconds.
  path: Assets/Scripts/ObjectPool.cs
  artifactKey: Guid(cd9d03bee911b3e4d929489ef626e951) Importer(815301076,1909f56bfc062723c751e8b465ee728b)
Start importing Assets/Scripts/ObjectPool.cs using Guid(cd9d03bee911b3e4d929489ef626e951) Importer(815301076,1909f56bfc062723c751e8b465ee728b)  -> (artifact id: '06a289f79272214756e4423dce8779a6') in 0.001764 seconds 
========================================================================
Received Import Request.
  Time since last request: 91.395634 seconds.
  path: Assets/Scripts/Point.cs
  artifactKey: Guid(c720f6651d8d794478b284969fc1efc8) Importer(815301076,1909f56bfc062723c751e8b465ee728b)
Start importing Assets/Scripts/Point.cs using Guid(c720f6651d8d794478b284969fc1efc8) Importer(815301076,1909f56bfc062723c751e8b465ee728b)  -> (artifact id: 'adee16c100cce33b977f5b80c5fb5856') in 0.001751 seconds 
========================================================================
Received Import Request.
  Time since last request: 98.579992 seconds.
  path: Assets/Scripts/Portal.cs
  artifactKey: Guid(bc5332b72822eb04890d7fa56bda4f26) Importer(815301076,1909f56bfc062723c751e8b465ee728b)
Start importing Assets/Scripts/Portal.cs using Guid(bc5332b72822eb04890d7fa56bda4f26) Importer(815301076,1909f56bfc062723c751e8b465ee728b)  -> (artifact id: '3c59043bd214cf6c38e041d62ee41014') in 0.001928 seconds 
========================================================================
Received Import Request.
  Time since last request: 41.547497 seconds.
  path: Assets/Scripts/Projectile.cs
  artifactKey: Guid(5622721efe1ae8d48963cb4b4992dabb) Importer(815301076,1909f56bfc062723c751e8b465ee728b)
Start importing Assets/Scripts/Projectile.cs using Guid(5622721efe1ae8d48963cb4b4992dabb) Importer(815301076,1909f56bfc062723c751e8b465ee728b)  -> (artifact id: 'a1fba55df761189cd46d895864b92df8') in 0.001580 seconds 
========================================================================
Received Import Request.
  Time since last request: 94.516240 seconds.
  path: Assets/Scripts/Singleton.cs
  artifactKey: Guid(87d8179f4f7a24c4d950d739a17fa54d) Importer(815301076,1909f56bfc062723c751e8b465ee728b)
Start importing Assets/Scripts/Singleton.cs using Guid(87d8179f4f7a24c4d950d739a17fa54d) Importer(815301076,1909f56bfc062723c751e8b465ee728b)  -> (artifact id: '72907cd9e1878e768efbeca9f0a44baa') in 0.001642 seconds 
========================================================================
Received Import Request.
  Time since last request: 7.339488 seconds.
  path: Assets/Scripts/TileScript.cs
  artifactKey: Guid(99641d354d117074fb56e2e257fd91fe) Importer(815301076,1909f56bfc062723c751e8b465ee728b)
Start importing Assets/Scripts/TileScript.cs using Guid(99641d354d117074fb56e2e257fd91fe) Importer(815301076,1909f56bfc062723c751e8b465ee728b)  -> (artifact id: '99d93170092765b57a3da72627b26337') in 0.001851 seconds 
========================================================================
Received Import Request.
  Time since last request: 347.730366 seconds.
  path: Assets/Scripts/Tower.cs
  artifactKey: Guid(ea654f64af5dcc644a92a095fb833cad) Importer(815301076,1909f56bfc062723c751e8b465ee728b)
Start importing Assets/Scripts/Tower.cs using Guid(ea654f64af5dcc644a92a095fb833cad) Importer(815301076,1909f56bfc062723c751e8b465ee728b)  -> (artifact id: '9b2e9b0546d494fe3ee68a8161b1264a') in 0.002064 seconds 
========================================================================
Received Import Request.
  Time since last request: 119.560699 seconds.
  path: Assets/Sprites/Debugging/Arrow.png
  artifactKey: Guid(8a83f239ae462e645aca307d76180aa1) Importer(815301076,1909f56bfc062723c751e8b465ee728b)
Start importing Assets/Sprites/Debugging/Arrow.png using Guid(8a83f239ae462e645aca307d76180aa1) Importer(815301076,1909f56bfc062723c751e8b465ee728b)  -> (artifact id: '5c88f738d08a9374a6f337f6fd283a5c') in 0.137213 seconds 
========================================================================
Received Import Request.
  Time since last request: 3.059291 seconds.
  path: Assets/Sprites/Monsters/death_
  artifactKey: Guid(7e2a15c60d11b3c4ab493af24adfda5c) Importer(815301076,1909f56bfc062723c751e8b465ee728b)
Start importing Assets/Sprites/Monsters/death_ using Guid(7e2a15c60d11b3c4ab493af24adfda5c) Importer(815301076,1909f56bfc062723c751e8b465ee728b)  -> (artifact id: '36d734ecc5f8a742ca7d91947d12c95c') in 0.001573 seconds 
========================================================================
Received Import Request.
  Time since last request: 0.064753 seconds.
  path: Assets/Sprites/Monsters/death_/blue_death.png
  artifactKey: Guid(2f2daef73f6f0c04db1e43e8922301fc) Importer(815301076,1909f56bfc062723c751e8b465ee728b)
Start importing Assets/Sprites/Monsters/death_/blue_death.png using Guid(2f2daef73f6f0c04db1e43e8922301fc) Importer(815301076,1909f56bfc062723c751e8b465ee728b)  -> (artifact id: '855984917610ff0a8658486dd16d83a1') in 0.045045 seconds 
========================================================================
Received Import Request.
  Time since last request: 0.000025 seconds.
  path: Assets/Sprites/Monsters/death_/red_death.png
  artifactKey: Guid(6442962220c28a142963290bf6c71689) Importer(815301076,1909f56bfc062723c751e8b465ee728b)
Start importing Assets/Sprites/Monsters/death_/red_death.png using Guid(6442962220c28a142963290bf6c71689) Importer(815301076,1909f56bfc062723c751e8b465ee728b)  -> (artifact id: '8f897e1419bef96296a272bde4b8f0a1') in 0.032141 seconds 
========================================================================
Received Import Request.
  Time since last request: 0.000027 seconds.
  path: Assets/Sprites/Monsters/death_/purple_death.png
  artifactKey: Guid(1346793b202c23c4db1b373a994479ee) Importer(815301076,1909f56bfc062723c751e8b465ee728b)
Start importing Assets/Sprites/Monsters/death_/purple_death.png using Guid(1346793b202c23c4db1b373a994479ee) Importer(815301076,1909f56bfc062723c751e8b465ee728b)  -> (artifact id: 'c9b60cf683899ac00dba356a0fac5c65') in 0.032390 seconds 
========================================================================
Received Import Request.
  Time since last request: 11.193233 seconds.
  path: Assets/Sprites/Monsters/move_/blue_ right.png
  artifactKey: Guid(a686b8c1fd24cf1448ca35333b7dab3e) Importer(815301076,1909f56bfc062723c751e8b465ee728b)
Start importing Assets/Sprites/Monsters/move_/blue_ right.png using Guid(a686b8c1fd24cf1448ca35333b7dab3e) Importer(815301076,1909f56bfc062723c751e8b465ee728b)  -> (artifact id: '50783e5312184c89383c39e9be7d8c8e') in 0.099978 seconds 
========================================================================
Received Import Request.
  Time since last request: 0.356664 seconds.
  path: Assets/Sprites/Monsters/move_/green_ right.png
  artifactKey: Guid(b02f75b49e0a2af4ea0b74e687dc1064) Importer(815301076,1909f56bfc062723c751e8b465ee728b)
Start importing Assets/Sprites/Monsters/move_/green_ right.png using Guid(b02f75b49e0a2af4ea0b74e687dc1064) Importer(815301076,1909f56bfc062723c751e8b465ee728b)  -> (artifact id: '964c334569d15004e590a05e99e2f575') in 0.118303 seconds 
========================================================================
Received Import Request.
  Time since last request: 0.000019 seconds.
  path: Assets/Sprites/Monsters/move_/green_up.png
  artifactKey: Guid(de6b8e26063883e43bb0e4dd85298080) Importer(815301076,1909f56bfc062723c751e8b465ee728b)
Start importing Assets/Sprites/Monsters/move_/green_up.png using Guid(de6b8e26063883e43bb0e4dd85298080) Importer(815301076,1909f56bfc062723c751e8b465ee728b)  -> (artifact id: '11489cfaa90566cb9ceb8e991bff4b59') in 0.184493 seconds 
========================================================================
Received Import Request.
  Time since last request: 0.000032 seconds.
  path: Assets/Sprites/Monsters/move_/purple_ right.png
  artifactKey: Guid(79aeb3de095672243aec3309e959336e) Importer(815301076,1909f56bfc062723c751e8b465ee728b)
Start importing Assets/Sprites/Monsters/move_/purple_ right.png using Guid(79aeb3de095672243aec3309e959336e) Importer(815301076,1909f56bfc062723c751e8b465ee728b)  -> (artifact id: '8bbefc9e3c0615aecae7f6f55fcfbb86') in 0.135258 seconds 
========================================================================
Received Import Request.
  Time since last request: 0.000020 seconds.
  path: Assets/Sprites/Monsters/move_/purple_down.png
  artifactKey: Guid(d376d3ab3cef6d845be84152441ce9e0) Importer(815301076,1909f56bfc062723c751e8b465ee728b)
Start importing Assets/Sprites/Monsters/move_/purple_down.png using Guid(d376d3ab3cef6d845be84152441ce9e0) Importer(815301076,1909f56bfc062723c751e8b465ee728b)  -> (artifact id: '8e5c62193f9a920983defc715fce5ac8') in 0.114780 seconds 
========================================================================
Received Import Request.
  Time since last request: 0.000018 seconds.
  path: Assets/Sprites/Monsters/move_/red_left.png
  artifactKey: Guid(a9f24417be91d6941b6b3876b4d89fa4) Importer(815301076,1909f56bfc062723c751e8b465ee728b)
Start importing Assets/Sprites/Monsters/move_/red_left.png using Guid(a9f24417be91d6941b6b3876b4d89fa4) Importer(815301076,1909f56bfc062723c751e8b465ee728b)  -> (artifact id: 'dae30b2193379ef298e0ffaa470d71f1') in 0.136917 seconds 
========================================================================
Received Import Request.
  Time since last request: 0.000024 seconds.
  path: Assets/Sprites/Monsters/move_/blue_left.png
  artifactKey: Guid(04bdbe1fd07268448b579baf902a996e) Importer(815301076,1909f56bfc062723c751e8b465ee728b)
Start importing Assets/Sprites/Monsters/move_/blue_left.png using Guid(04bdbe1fd07268448b579baf902a996e) Importer(815301076,1909f56bfc062723c751e8b465ee728b)  -> (artifact id: '7e5bf41769f93c710fcac4ccabbdc935') in 0.099146 seconds 
========================================================================
Received Import Request.
  Time since last request: 0.000017 seconds.
  path: Assets/Sprites/Monsters/move_/green_left.png
  artifactKey: Guid(6a040f030e85e924b904a7386893bc75) Importer(815301076,1909f56bfc062723c751e8b465ee728b)
Start importing Assets/Sprites/Monsters/move_/green_left.png using Guid(6a040f030e85e924b904a7386893bc75) Importer(815301076,1909f56bfc062723c751e8b465ee728b)  -> (artifact id: 'afa594af71f839e714259384d81e83fd') in 0.107188 seconds 
Editor requested this worker to shutdown with reason: Scaling down because of idle timeout
AssetImportWorker is now disconnected from the server
Process exiting
Exiting without the bug reporter. Application will terminate with return code 0